"Start of log file."
"F:/C07_Unity_Code/study/Puls/RedAlert2/Assets/Resources/Prefabs/Build/SoliderBuild_.max"
"Starting max loading and fbx conversion"
window = undefined
"Settings units"
"Before fbx export"
"After fbx export"
"Finished max loading and fbx conversion"
"F:/C07_Unity_Code/study/Puls/RedAlert2/Assets/Resources/Prefabs/Build/SoliderBuild.max"
"Starting max loading and fbx conversion"
window = undefined
"Settings units"
"Before fbx export"
"After fbx export"
"Finished max loading and fbx conversion"
"F:/C07_Unity_Code/study/Puls/RedAlert2/Assets/Resources/Prefabs/Temp/CarBuild.max"
"Starting max loading and fbx conversion"
window = undefined
"Settings units"
"Before fbx export"
"After fbx export"
"Finished max loading and fbx conversion"
"F:/C07_Unity_Code/study/Puls/RedAlert2/Assets/Resources/Prefabs/Temp/AirBuild.max"
"Starting max loading and fbx conversion"
window = undefined
"Settings units"
"Before fbx export"
"After fbx export"
"Finished max loading and fbx conversion"
"F:/C07_Unity_Code/study/Puls/RedAlert2/Assets/Resources/Prefabs/Temp/CarBuild.max"
"Starting max loading and fbx conversion"
window = undefined
"Settings units"
"Before fbx export"
"After fbx export"
"Finished max loading and fbx conversion"
"F:/C07_Unity_Code/study/Puls/RedAlert2/Assets/Resources/Prefabs/Temp/CarBuild.max"
"Starting max loading and fbx conversion"
window = undefined
"Settings units"
"Before fbx export"
"After fbx export"
"Finished max loading and fbx conversion"
"F:/C07_Unity_Code/study/Puls/RedAlert2/Assets/Resources/Prefabs/Temp/CarBuild.max"
"Starting max loading and fbx conversion"
window = undefined
"Settings units"
"Before fbx export"
"After fbx export"
"Finished max loading and fbx conversion"
"F:/C07_Unity_Code/study/Puls/RedAlert2/Assets/Resources/Prefabs/Temp/CarBuild.max"
"Starting max loading and fbx conversion"
window = undefined
"Settings units"
"Before fbx export"
"After fbx export"
"Finished max loading and fbx conversion"
"F:/C07_Unity_Code/study/Puls/RedAlert2/Assets/Resources/Prefabs/Temp/CarBuild.max"
"Starting max loading and fbx conversion"
window = undefined
"Settings units"
"Before fbx export"
"After fbx export"
"Finished max loading and fbx conversion"
"F:/C07_Unity_Code/study/Puls/RedAlert2/Assets/Resources/Prefabs/Temp/CarBuild.max"
"Starting max loading and fbx conversion"
window = undefined
"Settings units"
"Before fbx export"
"After fbx export"
"Finished max loading and fbx conversion"
"F:/C07_Unity_Code/study/Puls/RedAlert2/Assets/Resources/Prefabs/Temp/CarBuild.max"
"Starting max loading and fbx conversion"
window = undefined
"Settings units"
"Before fbx export"
"After fbx export"
"Finished max loading and fbx conversion"
"F:/C07_Unity_Code/study/Puls/RedAlert2/Assets/Resources/Prefabs/Temp/CarBuild.max"
"Starting max loading and fbx conversion"
window = undefined
"Settings units"
"Before fbx export"
"After fbx export"
"Finished max loading and fbx conversion"
